<?xml version="1.0" encoding="UTF-8"?>
<testsuite xmlns:xsi="http://www.w3.org/2001/XMLSchema-instance" xsi:noNamespaceSchemaLocation="https://maven.apache.org/surefire/maven-surefire-plugin/xsd/surefire-test-report.xsd" version="3.0.2" name="com.example.saga.orchestration.workflow.OrderSagaWorkflowTest" time="3.641" tests="3" errors="0" skipped="0" failures="0">
  <properties>
[...]
</properties>
  <testcase name="happyPath(TestWorkflowEnvironment, Worker, OrderSagaWorkflow)" classname="com.example.saga.orchestration.workflow.OrderSagaWorkflowTest" time="2.977">
    <system-out><![CDATA[10:28:36.934 [main] INFO io.temporal.serviceclient.WorkflowServiceStubsImpl -- Created WorkflowServiceStubs for channel: ManagedChannelOrphanWrapper{delegate=ManagedChannelImpl{logId=2, target=directaddress:///e4fe6063-0430-4457-a086-595adb38d5fe}}
10:28:36.940 [main] INFO io.temporal.serviceclient.TestServiceStubsImpl -- Created TestServiceStubs for channel: ManagedChannelOrphanWrapper{delegate=ManagedChannelImpl{logId=2, target=directaddress:///e4fe6063-0430-4457-a086-595adb38d5fe}}
10:28:36.950 [main] INFO io.temporal.serviceclient.OperatorServiceStubsImpl -- Created OperatorServiceStubs for channel: ManagedChannelOrphanWrapper{delegate=ManagedChannelImpl{logId=2, target=directaddress:///e4fe6063-0430-4457-a086-595adb38d5fe}}
10:28:38.242 [main] INFO io.temporal.internal.worker.Poller -- start: Poller{name=Workflow Poller taskQueue="WorkflowTest-Happy path: all three activities execute, no compensation runs-[engine:junit-jupiter]/[class:com.example.saga.orchestration.workflow.OrderSagaWorkflowTest]/[method:happyPath(io.temporal.testing.TestWorkflowEnvironment, io.temporal.worker.Worker, com.example.saga.orchestration.workflow.OrderSagaWorkflow)]", namespace="UnitTest", identity=3552@VCCI-TECH-D186}
10:28:38.261 [main] INFO io.temporal.internal.worker.Poller -- start: Poller{name=Activity Poller taskQueue="WorkflowTest-Happy path: all three activities execute, no compensation runs-[engine:junit-jupiter]/[class:com.example.saga.orchestration.workflow.OrderSagaWorkflowTest]/[method:happyPath(io.temporal.testing.TestWorkflowEnvironment, io.temporal.worker.Worker, com.example.saga.orchestration.workflow.OrderSagaWorkflow)]", namespace="UnitTest", identity=3552@VCCI-TECH-D186}
10:28:38.660 [workflow-method-ce8a0d14-97c5-4327-93b2-920fbac358ad-988001e8-bd59-4a18-bd3a-05e755cdeb67] INFO com.example.saga.orchestration.workflow.OrderSagaWorkflowImpl -- Starting saga for order ord-1
10:28:38.832 [workflow-method-ce8a0d14-97c5-4327-93b2-920fbac358ad-988001e8-bd59-4a18-bd3a-05e755cdeb67] INFO com.example.saga.orchestration.workflow.OrderSagaWorkflowImpl -- Saga ord-1 completed successfully
10:28:38.968 [main] INFO io.temporal.serviceclient.TestServiceStubsImpl -- shutdownNow
10:28:38.969 [main] INFO io.temporal.serviceclient.OperatorServiceStubsImpl -- shutdownNow
10:28:38.969 [main] INFO io.temporal.worker.WorkerFactory -- shutdownNow: WorkerFactory{identity=3552@VCCI-TECH-D186}
10:28:38.975 [main] INFO io.temporal.internal.worker.Poller -- shutdown: Poller{name=Workflow Poller taskQueue="WorkflowTest-Happy path: all three activities execute, no compensation runs-[engine:junit-jupiter]/[class:com.example.saga.orchestration.workflow.OrderSagaWorkflowTest]/[method:happyPath(io.temporal.testing.TestWorkflowEnvironment, io.temporal.worker.Worker, com.example.saga.orchestration.workflow.OrderSagaWorkflow)]", namespace="UnitTest", identity=3552@VCCI-TECH-D186}
10:28:38.980 [Workflow Poller taskQueue="WorkflowTest-Happy path: all three activities execute, no compensation runs-[engine:junit-jupiter]/[class:com.example.saga.orchestration.workflow.OrderSagaWorkflowTest]/[method:happyPath(io.temporal.testing.TestWorkflowEnvironment, io.temporal.worker.Worker, com.example.saga.orchestration.workflow.OrderSagaWorkflow)]", namespace="UnitTest": 3] INFO io.temporal.internal.worker.Poller -- poll loop is terminated: WorkflowPollTask
10:28:38.980 [Workflow Poller taskQueue="WorkflowTest-Happy path: all three activities execute, no compensation runs-[engine:junit-jupiter]/[class:com.example.saga.orchestration.workflow.OrderSagaWorkflowTest]/[method:happyPath(io.temporal.testing.TestWorkflowEnvironment, io.temporal.worker.Worker, com.example.saga.orchestration.workflow.OrderSagaWorkflow)]", namespace="UnitTest": 2] INFO io.temporal.internal.worker.Poller -- poll loop is terminated: WorkflowPollTask
10:28:38.981 [Workflow Poller taskQueue="WorkflowTest-Happy path: all three activities execute, no compensation runs-[engine:junit-jupiter]/[class:com.example.saga.orchestration.workflow.OrderSagaWorkflowTest]/[method:happyPath(io.temporal.testing.TestWorkflowEnvironment, io.temporal.worker.Worker, com.example.saga.orchestration.workflow.OrderSagaWorkflow)]", namespace="UnitTest": 1] INFO io.temporal.internal.worker.Poller -- poll loop is terminated: WorkflowPollTask
10:28:38.982 [Workflow Poller taskQueue="WorkflowTest-Happy path: all three activities execute, no compensation runs-[engine:junit-jupiter]/[class:com.example.saga.orchestration.workflow.OrderSagaWorkflowTest]/[method:happyPath(io.temporal.testing.TestWorkflowEnvironment, io.temporal.worker.Worker, com.example.saga.orchestration.workflow.OrderSagaWorkflow)]", namespace="UnitTest": 5] INFO io.temporal.internal.worker.Poller -- poll loop is terminated: WorkflowPollTask
10:28:38.984 [Workflow Poller taskQueue="WorkflowTest-Happy path: all three activities execute, no compensation runs-[engine:junit-jupiter]/[class:com.example.saga.orchestration.workflow.OrderSagaWorkflowTest]/[method:happyPath(io.temporal.testing.TestWorkflowEnvironment, io.temporal.worker.Worker, com.example.saga.orchestration.workflow.OrderSagaWorkflow)]", namespace="UnitTest": 4] INFO io.temporal.internal.worker.Poller -- poll loop is terminated: WorkflowPollTask
10:28:38.988 [main] INFO io.temporal.internal.worker.Poller -- shutdown: Poller{name=Activity Poller taskQueue="WorkflowTest-Happy path: all three activities execute, no compensation runs-[engine:junit-jupiter]/[class:com.example.saga.orchestration.workflow.OrderSagaWorkflowTest]/[method:happyPath(io.temporal.testing.TestWorkflowEnvironment, io.temporal.worker.Worker, com.example.saga.orchestration.workflow.OrderSagaWorkflow)]", namespace="UnitTest", identity=3552@VCCI-TECH-D186}
10:28:38.988 [Activity Poller taskQueue="WorkflowTest-Happy path: all three activities execute, no compensation runs-[engine:junit-jupiter]/[class:com.example.saga.orchestration.workflow.OrderSagaWorkflowTest]/[method:happyPath(io.temporal.testing.TestWorkflowEnvironment, io.temporal.worker.Worker, com.example.saga.orchestration.workflow.OrderSagaWorkflow)]", namespace="UnitTest": 1] INFO io.temporal.internal.worker.Poller -- poll loop is terminated: ActivityPollTask
10:28:38.988 [Activity Poller taskQueue="WorkflowTest-Happy path: all three activities execute, no compensation runs-[engine:junit-jupiter]/[class:com.example.saga.orchestration.workflow.OrderSagaWorkflowTest]/[method:happyPath(io.temporal.testing.TestWorkflowEnvironment, io.temporal.worker.Worker, com.example.saga.orchestration.workflow.OrderSagaWorkflow)]", namespace="UnitTest": 2] INFO io.temporal.internal.worker.Poller -- poll loop is terminated: ActivityPollTask
10:28:38.988 [Activity Poller taskQueue="WorkflowTest-Happy path: all three activities execute, no compensation runs-[engine:junit-jupiter]/[class:com.example.saga.orchestration.workflow.OrderSagaWorkflowTest]/[method:happyPath(io.temporal.testing.TestWorkflowEnvironment, io.temporal.worker.Worker, com.example.saga.orchestration.workflow.OrderSagaWorkflow)]", namespace="UnitTest": 5] INFO io.temporal.internal.worker.Poller -- poll loop is terminated: ActivityPollTask
10:28:38.988 [Activity Poller taskQueue="WorkflowTest-Happy path: all three activities execute, no compensation runs-[engine:junit-jupiter]/[class:com.example.saga.orchestration.workflow.OrderSagaWorkflowTest]/[method:happyPath(io.temporal.testing.TestWorkflowEnvironment, io.temporal.worker.Worker, com.example.saga.orchestration.workflow.OrderSagaWorkflow)]", namespace="UnitTest": 4] INFO io.temporal.internal.worker.Poller -- poll loop is terminated: ActivityPollTask
10:28:38.988 [Activity Poller taskQueue="WorkflowTest-Happy path: all three activities execute, no compensation runs-[engine:junit-jupiter]/[class:com.example.saga.orchestration.workflow.OrderSagaWorkflowTest]/[method:happyPath(io.temporal.testing.TestWorkflowEnvironment, io.temporal.worker.Worker, com.example.saga.orchestration.workflow.OrderSagaWorkflow)]", namespace="UnitTest": 3] INFO io.temporal.internal.worker.Poller -- poll loop is terminated: ActivityPollTask
10:28:38.991 [main] INFO io.temporal.worker.WorkerFactory -- awaitTermination begin: WorkerFactory{identity=3552@VCCI-TECH-D186}
10:28:39.245 [main] INFO io.temporal.worker.WorkerFactory -- awaitTermination done: WorkerFactory{identity=3552@VCCI-TECH-D186}
10:28:39.245 [main] INFO io.temporal.serviceclient.WorkflowServiceStubsImpl -- shutdownNow
10:28:39.246 [main] INFO io.temporal.testserver.TestServer -- Shutting down in-process gRPC server
10:28:39.251 [main] INFO io.temporal.testserver.TestServer -- Shutting down gRPC Services
]]></system-out>
    <system-err><![CDATA[Mockito is currently self-attaching to enable the inline-mock-maker. This will no longer work in future releases of the JDK. Please add Mockito as an agent to your build what is described in Mockito's documentation: https://javadoc.io/doc/org.mockito/mockito-core/latest/org/mockito/Mockito.html#0.3
WARNING: A Java agent has been loaded dynamically (C:\Users\tu.phianh\.m2\repository\net\bytebuddy\byte-buddy-agent\1.15.11\byte-buddy-agent-1.15.11.jar)
WARNING: If a serviceability tool is in use, please run with -XX:+EnableDynamicAgentLoading to hide this warning
WARNING: If a serviceability tool is not in use, please run with -Djdk.instrument.traceUsage for more information
WARNING: Dynamic loading of agents will be disallowed by default in a future release
]]></system-err>
  </testcase>
  <testcase name="shippingFailsTriggersCompensation(TestWorkflowEnvironment, Worker, OrderSagaWorkflow)" classname="com.example.saga.orchestration.workflow.OrderSagaWorkflowTest" time="0.348">
    <system-out><![CDATA[10:28:39.264 [main] INFO io.temporal.serviceclient.WorkflowServiceStubsImpl -- Created WorkflowServiceStubs for channel: ManagedChannelOrphanWrapper{delegate=ManagedChannelImpl{logId=7, target=directaddress:///85b37028-fc8d-43e5-9bef-c21a522ef5a6}}
10:28:39.264 [main] INFO io.temporal.serviceclient.TestServiceStubsImpl -- Created TestServiceStubs for channel: ManagedChannelOrphanWrapper{delegate=ManagedChannelImpl{logId=7, target=directaddress:///85b37028-fc8d-43e5-9bef-c21a522ef5a6}}
10:28:39.264 [main] INFO io.temporal.serviceclient.OperatorServiceStubsImpl -- Created OperatorServiceStubs for channel: ManagedChannelOrphanWrapper{delegate=ManagedChannelImpl{logId=7, target=directaddress:///85b37028-fc8d-43e5-9bef-c21a522ef5a6}}
10:28:39.272 [main] INFO io.temporal.internal.worker.Poller -- start: Poller{name=Workflow Poller taskQueue="WorkflowTest-Shipping fails: compensation runs release then refund, in reverse order-[engine:junit-jupiter]/[class:com.example.saga.orchestration.workflow.OrderSagaWorkflowTest]/[method:shippingFailsTriggersCompensation(io.temporal.testing.TestWorkflowEnvironment, io.temporal.worker.Worker, com.example.saga.orchestration.workflow.OrderSagaWorkflow)]", namespace="UnitTest", identity=3552@VCCI-TECH-D186}
10:28:39.279 [main] INFO io.temporal.internal.worker.Poller -- start: Poller{name=Activity Poller taskQueue="WorkflowTest-Shipping fails: compensation runs release then refund, in reverse order-[engine:junit-jupiter]/[class:com.example.saga.orchestration.workflow.OrderSagaWorkflowTest]/[method:shippingFailsTriggersCompensation(io.temporal.testing.TestWorkflowEnvironment, io.temporal.worker.Worker, com.example.saga.orchestration.workflow.OrderSagaWorkflow)]", namespace="UnitTest", identity=3552@VCCI-TECH-D186}
10:28:39.288 [workflow-method-f4d91133-1fa7-40bc-9043-f8695007a341-703f3b2b-9008-4989-9084-461ae8b5fae2] INFO com.example.saga.orchestration.workflow.OrderSagaWorkflowImpl -- Starting saga for order ord-2
10:28:39.302 [Activity Executor taskQueue="WorkflowTest-Shipping fails: compensation runs release then refund, in reverse order-[engine:junit-jupiter]/[class:com.example.saga.orchestration.workflow.OrderSagaWorkflowTest]/[method:shippingFailsTriggersCompensation(io.temporal.testing.TestWorkflowEnvironment, io.temporal.worker.Worker, com.example.saga.orchestration.workflow.OrderSagaWorkflow)]", namespace="UnitTest": 1] WARN io.temporal.internal.activity.ActivityTaskExecutors$ActivityTaskExecutor -- Activity failure. ActivityId=8a363797-7380-314f-a98c-3ce2d5080d9c, activityType=Schedule, attempt=1
com.example.saga.orchestration.exception.NonRetryableShippingException: Address invalid
	at com.example.saga.orchestration.workflow.OrderSagaWorkflowTest$3.schedule(OrderSagaWorkflowTest.java:172)
	at java.base/jdk.internal.reflect.DirectMethodHandleAccessor.invoke(DirectMethodHandleAccessor.java:103)
	at java.base/java.lang.reflect.Method.invoke(Method.java:580)
	at io.temporal.internal.activity.RootActivityInboundCallsInterceptor$POJOActivityInboundCallsInterceptor.executeActivity(RootActivityInboundCallsInterceptor.java:64)
	at io.temporal.internal.activity.RootActivityInboundCallsInterceptor.execute(RootActivityInboundCallsInterceptor.java:43)
	at io.temporal.internal.activity.ActivityTaskExecutors$BaseActivityTaskExecutor.execute(ActivityTaskExecutors.java:107)
	at io.temporal.internal.activity.ActivityTaskHandlerImpl.handle(ActivityTaskHandlerImpl.java:124)
	at io.temporal.internal.worker.ActivityWorker$TaskHandlerImpl.handleActivity(ActivityWorker.java:291)
	at io.temporal.internal.worker.ActivityWorker$TaskHandlerImpl.handle(ActivityWorker.java:255)
	at io.temporal.internal.worker.ActivityWorker$TaskHandlerImpl.handle(ActivityWorker.java:218)
	at io.temporal.internal.worker.PollTaskExecutor.lambda$process$1(PollTaskExecutor.java:106)
	at java.base/java.util.concurrent.ThreadPoolExecutor.runWorker(ThreadPoolExecutor.java:1144)
	at java.base/java.util.concurrent.ThreadPoolExecutor$Worker.run(ThreadPoolExecutor.java:642)
	at java.base/java.lang.Thread.run(Thread.java:1583)
10:28:39.328 [workflow-method-f4d91133-1fa7-40bc-9043-f8695007a341-703f3b2b-9008-4989-9084-461ae8b5fae2] WARN com.example.saga.orchestration.workflow.OrderSagaWorkflowImpl -- Saga ord-2 failed, running compensation. Cause: message='Address invalid', type='com.example.saga.orchestration.exception.NonRetryableShippingException', nonRetryable=false
10:28:39.348 [main] INFO io.temporal.serviceclient.TestServiceStubsImpl -- shutdownNow
10:28:39.348 [main] INFO io.temporal.serviceclient.OperatorServiceStubsImpl -- shutdownNow
10:28:39.348 [main] INFO io.temporal.worker.WorkerFactory -- shutdownNow: WorkerFactory{identity=3552@VCCI-TECH-D186}
10:28:39.348 [main] INFO io.temporal.internal.worker.Poller -- shutdown: Poller{name=Workflow Poller taskQueue="WorkflowTest-Shipping fails: compensation runs release then refund, in reverse order-[engine:junit-jupiter]/[class:com.example.saga.orchestration.workflow.OrderSagaWorkflowTest]/[method:shippingFailsTriggersCompensation(io.temporal.testing.TestWorkflowEnvironment, io.temporal.worker.Worker, com.example.saga.orchestration.workflow.OrderSagaWorkflow)]", namespace="UnitTest", identity=3552@VCCI-TECH-D186}
10:28:39.349 [Workflow Poller taskQueue="WorkflowTest-Shipping fails: compensation runs release then refund, in reverse order-[engine:junit-jupiter]/[class:com.example.saga.orchestration.workflow.OrderSagaWorkflowTest]/[method:shippingFailsTriggersCompensation(io.temporal.testing.TestWorkflowEnvironment, io.temporal.worker.Worker, com.example.saga.orchestration.workflow.OrderSagaWorkflow)]", namespace="UnitTest": 2] INFO io.temporal.internal.worker.Poller -- poll loop is terminated: WorkflowPollTask
10:28:39.349 [Workflow Poller taskQueue="WorkflowTest-Shipping fails: compensation runs release then refund, in reverse order-[engine:junit-jupiter]/[class:com.example.saga.orchestration.workflow.OrderSagaWorkflowTest]/[method:shippingFailsTriggersCompensation(io.temporal.testing.TestWorkflowEnvironment, io.temporal.worker.Worker, com.example.saga.orchestration.workflow.OrderSagaWorkflow)]", namespace="UnitTest": 4] INFO io.temporal.internal.worker.Poller -- poll loop is terminated: WorkflowPollTask
10:28:39.349 [Workflow Poller taskQueue="WorkflowTest-Shipping fails: compensation runs release then refund, in reverse order-[engine:junit-jupiter]/[class:com.example.saga.orchestration.workflow.OrderSagaWorkflowTest]/[method:shippingFailsTriggersCompensation(io.temporal.testing.TestWorkflowEnvironment, io.temporal.worker.Worker, com.example.saga.orchestration.workflow.OrderSagaWorkflow)]", namespace="UnitTest": 3] INFO io.temporal.internal.worker.Poller -- poll loop is terminated: WorkflowPollTask
10:28:39.349 [Workflow Poller taskQueue="WorkflowTest-Shipping fails: compensation runs release then refund, in reverse order-[engine:junit-jupiter]/[class:com.example.saga.orchestration.workflow.OrderSagaWorkflowTest]/[method:shippingFailsTriggersCompensation(io.temporal.testing.TestWorkflowEnvironment, io.temporal.worker.Worker, com.example.saga.orchestration.workflow.OrderSagaWorkflow)]", namespace="UnitTest": 1] INFO io.temporal.internal.worker.Poller -- poll loop is terminated: WorkflowPollTask
10:28:39.349 [Workflow Poller taskQueue="WorkflowTest-Shipping fails: compensation runs release then refund, in reverse order-[engine:junit-jupiter]/[class:com.example.saga.orchestration.workflow.OrderSagaWorkflowTest]/[method:shippingFailsTriggersCompensation(io.temporal.testing.TestWorkflowEnvironment, io.temporal.worker.Worker, com.example.saga.orchestration.workflow.OrderSagaWorkflow)]", namespace="UnitTest": 5] INFO io.temporal.internal.worker.Poller -- poll loop is terminated: WorkflowPollTask
10:28:39.349 [main] INFO io.temporal.worker.WorkerFactory -- awaitTermination begin: WorkerFactory{identity=3552@VCCI-TECH-D186}
10:28:39.350 [TemporalShutdownManager: 1] INFO io.temporal.internal.worker.Poller -- shutdown: Poller{name=Activity Poller taskQueue="WorkflowTest-Shipping fails: compensation runs release then refund, in reverse order-[engine:junit-jupiter]/[class:com.example.saga.orchestration.workflow.OrderSagaWorkflowTest]/[method:shippingFailsTriggersCompensation(io.temporal.testing.TestWorkflowEnvironment, io.temporal.worker.Worker, com.example.saga.orchestration.workflow.OrderSagaWorkflow)]", namespace="UnitTest", identity=3552@VCCI-TECH-D186}
10:28:39.350 [Activity Poller taskQueue="WorkflowTest-Shipping fails: compensation runs release then refund, in reverse order-[engine:junit-jupiter]/[class:com.example.saga.orchestration.workflow.OrderSagaWorkflowTest]/[method:shippingFailsTriggersCompensation(io.temporal.testing.TestWorkflowEnvironment, io.temporal.worker.Worker, com.example.saga.orchestration.workflow.OrderSagaWorkflow)]", namespace="UnitTest": 4] INFO io.temporal.internal.worker.Poller -- poll loop is terminated: ActivityPollTask
10:28:39.350 [Activity Poller taskQueue="WorkflowTest-Shipping fails: compensation runs release then refund, in reverse order-[engine:junit-jupiter]/[class:com.example.saga.orchestration.workflow.OrderSagaWorkflowTest]/[method:shippingFailsTriggersCompensation(io.temporal.testing.TestWorkflowEnvironment, io.temporal.worker.Worker, com.example.saga.orchestration.workflow.OrderSagaWorkflow)]", namespace="UnitTest": 1] INFO io.temporal.internal.worker.Poller -- poll loop is terminated: ActivityPollTask
10:28:39.350 [Activity Poller taskQueue="WorkflowTest-Shipping fails: compensation runs release then refund, in reverse order-[engine:junit-jupiter]/[class:com.example.saga.orchestration.workflow.OrderSagaWorkflowTest]/[method:shippingFailsTriggersCompensation(io.temporal.testing.TestWorkflowEnvironment, io.temporal.worker.Worker, com.example.saga.orchestration.workflow.OrderSagaWorkflow)]", namespace="UnitTest": 3] INFO io.temporal.internal.worker.Poller -- poll loop is terminated: ActivityPollTask
10:28:39.350 [Activity Poller taskQueue="WorkflowTest-Shipping fails: compensation runs release then refund, in reverse order-[engine:junit-jupiter]/[class:com.example.saga.orchestration.workflow.OrderSagaWorkflowTest]/[method:shippingFailsTriggersCompensation(io.temporal.testing.TestWorkflowEnvironment, io.temporal.worker.Worker, com.example.saga.orchestration.workflow.OrderSagaWorkflow)]", namespace="UnitTest": 5] INFO io.temporal.internal.worker.Poller -- poll loop is terminated: ActivityPollTask
10:28:39.350 [Activity Poller taskQueue="WorkflowTest-Shipping fails: compensation runs release then refund, in reverse order-[engine:junit-jupiter]/[class:com.example.saga.orchestration.workflow.OrderSagaWorkflowTest]/[method:shippingFailsTriggersCompensation(io.temporal.testing.TestWorkflowEnvironment, io.temporal.worker.Worker, com.example.saga.orchestration.workflow.OrderSagaWorkflow)]", namespace="UnitTest": 2] INFO io.temporal.internal.worker.Poller -- poll loop is terminated: ActivityPollTask
10:28:39.603 [main] INFO io.temporal.worker.WorkerFactory -- awaitTermination done: WorkerFactory{identity=3552@VCCI-TECH-D186}
10:28:39.604 [main] INFO io.temporal.serviceclient.WorkflowServiceStubsImpl -- shutdownNow
10:28:39.604 [main] INFO io.temporal.testserver.TestServer -- Shutting down in-process gRPC server
10:28:39.604 [main] INFO io.temporal.testserver.TestServer -- Shutting down gRPC Services
]]></system-out>
  </testcase>
  <testcase name="paymentFailureRunsNoCompensation(TestWorkflowEnvironment, Worker, OrderSagaWorkflow)" classname="com.example.saga.orchestration.workflow.OrderSagaWorkflowTest" time="0.293">
    <system-out><![CDATA[10:28:39.610 [main] INFO io.temporal.serviceclient.WorkflowServiceStubsImpl -- Created WorkflowServiceStubs for channel: ManagedChannelOrphanWrapper{delegate=ManagedChannelImpl{logId=12, target=directaddress:///de297b7d-6cf0-4536-add5-0d0e6d0fcf3a}}
10:28:39.610 [main] INFO io.temporal.serviceclient.TestServiceStubsImpl -- Created TestServiceStubs for channel: ManagedChannelOrphanWrapper{delegate=ManagedChannelImpl{logId=12, target=directaddress:///de297b7d-6cf0-4536-add5-0d0e6d0fcf3a}}
10:28:39.610 [main] INFO io.temporal.serviceclient.OperatorServiceStubsImpl -- Created OperatorServiceStubs for channel: ManagedChannelOrphanWrapper{delegate=ManagedChannelImpl{logId=12, target=directaddress:///de297b7d-6cf0-4536-add5-0d0e6d0fcf3a}}
10:28:39.613 [main] INFO io.temporal.internal.worker.Poller -- start: Poller{name=Workflow Poller taskQueue="WorkflowTest-Payment fails first: no inventory or shipping is touched, no compensation needed-[engine:junit-jupiter]/[class:com.example.saga.orchestration.workflow.OrderSagaWorkflowTest]/[method:paymentFailureRunsNoCompensation(io.temporal.testing.TestWorkflowEnvironment, io.temporal.worker.Worker, com.example.saga.orchestration.workflow.OrderSagaWorkflow)]", namespace="UnitTest", identity=3552@VCCI-TECH-D186}
10:28:39.617 [main] INFO io.temporal.internal.worker.Poller -- start: Poller{name=Activity Poller taskQueue="WorkflowTest-Payment fails first: no inventory or shipping is touched, no compensation needed-[engine:junit-jupiter]/[class:com.example.saga.orchestration.workflow.OrderSagaWorkflowTest]/[method:paymentFailureRunsNoCompensation(io.temporal.testing.TestWorkflowEnvironment, io.temporal.worker.Worker, com.example.saga.orchestration.workflow.OrderSagaWorkflow)]", namespace="UnitTest", identity=3552@VCCI-TECH-D186}
10:28:39.624 [workflow-method-e8d0f7eb-5a1d-4bd7-a47f-304a73c5bc6f-d73f387f-aae5-4032-9e2c-f63673cae502] INFO com.example.saga.orchestration.workflow.OrderSagaWorkflowImpl -- Starting saga for order ord-3
10:28:39.627 [Activity Executor taskQueue="WorkflowTest-Payment fails first: no inventory or shipping is touched, no compensation needed-[engine:junit-jupiter]/[class:com.example.saga.orchestration.workflow.OrderSagaWorkflowTest]/[method:paymentFailureRunsNoCompensation(io.temporal.testing.TestWorkflowEnvironment, io.temporal.worker.Worker, com.example.saga.orchestration.workflow.OrderSagaWorkflow)]", namespace="UnitTest": 1] WARN io.temporal.internal.activity.ActivityTaskExecutors$ActivityTaskExecutor -- Activity failure. ActivityId=e7c97bc1-dac2-3001-9045-8e18834468a8, activityType=Charge, attempt=1
com.example.saga.orchestration.exception.NonRetryablePaymentException: declined
	at com.example.saga.orchestration.workflow.OrderSagaWorkflowTest$1.charge(OrderSagaWorkflowTest.java:144)
	at java.base/jdk.internal.reflect.DirectMethodHandleAccessor.invoke(DirectMethodHandleAccessor.java:103)
	at java.base/java.lang.reflect.Method.invoke(Method.java:580)
	at io.temporal.internal.activity.RootActivityInboundCallsInterceptor$POJOActivityInboundCallsInterceptor.executeActivity(RootActivityInboundCallsInterceptor.java:64)
	at io.temporal.internal.activity.RootActivityInboundCallsInterceptor.execute(RootActivityInboundCallsInterceptor.java:43)
	at io.temporal.internal.activity.ActivityTaskExecutors$BaseActivityTaskExecutor.execute(ActivityTaskExecutors.java:107)
	at io.temporal.internal.activity.ActivityTaskHandlerImpl.handle(ActivityTaskHandlerImpl.java:124)
	at io.temporal.internal.worker.ActivityWorker$TaskHandlerImpl.handleActivity(ActivityWorker.java:291)
	at io.temporal.internal.worker.ActivityWorker$TaskHandlerImpl.handle(ActivityWorker.java:255)
	at io.temporal.internal.worker.ActivityWorker$TaskHandlerImpl.handle(ActivityWorker.java:218)
	at io.temporal.internal.worker.PollTaskExecutor.lambda$process$1(PollTaskExecutor.java:106)
	at java.base/java.util.concurrent.ThreadPoolExecutor.runWorker(ThreadPoolExecutor.java:1144)
	at java.base/java.util.concurrent.ThreadPoolExecutor$Worker.run(ThreadPoolExecutor.java:642)
	at java.base/java.lang.Thread.run(Thread.java:1583)
10:28:39.630 [workflow-method-e8d0f7eb-5a1d-4bd7-a47f-304a73c5bc6f-d73f387f-aae5-4032-9e2c-f63673cae502] WARN com.example.saga.orchestration.workflow.OrderSagaWorkflowImpl -- Saga ord-3 failed, running compensation. Cause: message='declined', type='com.example.saga.orchestration.exception.NonRetryablePaymentException', nonRetryable=false
10:28:39.632 [main] INFO io.temporal.serviceclient.TestServiceStubsImpl -- shutdownNow
10:28:39.632 [main] INFO io.temporal.serviceclient.OperatorServiceStubsImpl -- shutdownNow
10:28:39.632 [main] INFO io.temporal.worker.WorkerFactory -- shutdownNow: WorkerFactory{identity=3552@VCCI-TECH-D186}
10:28:39.632 [main] INFO io.temporal.internal.worker.Poller -- shutdown: Poller{name=Workflow Poller taskQueue="WorkflowTest-Payment fails first: no inventory or shipping is touched, no compensation needed-[engine:junit-jupiter]/[class:com.example.saga.orchestration.workflow.OrderSagaWorkflowTest]/[method:paymentFailureRunsNoCompensation(io.temporal.testing.TestWorkflowEnvironment, io.temporal.worker.Worker, com.example.saga.orchestration.workflow.OrderSagaWorkflow)]", namespace="UnitTest", identity=3552@VCCI-TECH-D186}
10:28:39.632 [Workflow Poller taskQueue="WorkflowTest-Payment fails first: no inventory or shipping is touched, no compensation needed-[engine:junit-jupiter]/[class:com.example.saga.orchestration.workflow.OrderSagaWorkflowTest]/[method:paymentFailureRunsNoCompensation(io.temporal.testing.TestWorkflowEnvironment, io.temporal.worker.Worker, com.example.saga.orchestration.workflow.OrderSagaWorkflow)]", namespace="UnitTest": 5] INFO io.temporal.internal.worker.Poller -- poll loop is terminated: WorkflowPollTask
10:28:39.632 [Workflow Poller taskQueue="WorkflowTest-Payment fails first: no inventory or shipping is touched, no compensation needed-[engine:junit-jupiter]/[class:com.example.saga.orchestration.workflow.OrderSagaWorkflowTest]/[method:paymentFailureRunsNoCompensation(io.temporal.testing.TestWorkflowEnvironment, io.temporal.worker.Worker, com.example.saga.orchestration.workflow.OrderSagaWorkflow)]", namespace="UnitTest": 2] INFO io.temporal.internal.worker.Poller -- poll loop is terminated: WorkflowPollTask
10:28:39.632 [Workflow Poller taskQueue="WorkflowTest-Payment fails first: no inventory or shipping is touched, no compensation needed-[engine:junit-jupiter]/[class:com.example.saga.orchestration.workflow.OrderSagaWorkflowTest]/[method:paymentFailureRunsNoCompensation(io.temporal.testing.TestWorkflowEnvironment, io.temporal.worker.Worker, com.example.saga.orchestration.workflow.OrderSagaWorkflow)]", namespace="UnitTest": 3] INFO io.temporal.internal.worker.Poller -- poll loop is terminated: WorkflowPollTask
10:28:39.632 [Workflow Poller taskQueue="WorkflowTest-Payment fails first: no inventory or shipping is touched, no compensation needed-[engine:junit-jupiter]/[class:com.example.saga.orchestration.workflow.OrderSagaWorkflowTest]/[method:paymentFailureRunsNoCompensation(io.temporal.testing.TestWorkflowEnvironment, io.temporal.worker.Worker, com.example.saga.orchestration.workflow.OrderSagaWorkflow)]", namespace="UnitTest": 4] INFO io.temporal.internal.worker.Poller -- poll loop is terminated: WorkflowPollTask
10:28:39.632 [Workflow Poller taskQueue="WorkflowTest-Payment fails first: no inventory or shipping is touched, no compensation needed-[engine:junit-jupiter]/[class:com.example.saga.orchestration.workflow.OrderSagaWorkflowTest]/[method:paymentFailureRunsNoCompensation(io.temporal.testing.TestWorkflowEnvironment, io.temporal.worker.Worker, com.example.saga.orchestration.workflow.OrderSagaWorkflow)]", namespace="UnitTest": 1] INFO io.temporal.internal.worker.Poller -- poll loop is terminated: WorkflowPollTask
10:28:39.633 [main] INFO io.temporal.worker.WorkerFactory -- awaitTermination begin: WorkerFactory{identity=3552@VCCI-TECH-D186}
10:28:39.633 [TemporalShutdownManager: 1] INFO io.temporal.internal.worker.Poller -- shutdown: Poller{name=Activity Poller taskQueue="WorkflowTest-Payment fails first: no inventory or shipping is touched, no compensation needed-[engine:junit-jupiter]/[class:com.example.saga.orchestration.workflow.OrderSagaWorkflowTest]/[method:paymentFailureRunsNoCompensation(io.temporal.testing.TestWorkflowEnvironment, io.temporal.worker.Worker, com.example.saga.orchestration.workflow.OrderSagaWorkflow)]", namespace="UnitTest", identity=3552@VCCI-TECH-D186}
10:28:39.633 [Activity Poller taskQueue="WorkflowTest-Payment fails first: no inventory or shipping is touched, no compensation needed-[engine:junit-jupiter]/[class:com.example.saga.orchestration.workflow.OrderSagaWorkflowTest]/[method:paymentFailureRunsNoCompensation(io.temporal.testing.TestWorkflowEnvironment, io.temporal.worker.Worker, com.example.saga.orchestration.workflow.OrderSagaWorkflow)]", namespace="UnitTest": 4] INFO io.temporal.internal.worker.Poller -- poll loop is terminated: ActivityPollTask
10:28:39.633 [Activity Poller taskQueue="WorkflowTest-Payment fails first: no inventory or shipping is touched, no compensation needed-[engine:junit-jupiter]/[class:com.example.saga.orchestration.workflow.OrderSagaWorkflowTest]/[method:paymentFailureRunsNoCompensation(io.temporal.testing.TestWorkflowEnvironment, io.temporal.worker.Worker, com.example.saga.orchestration.workflow.OrderSagaWorkflow)]", namespace="UnitTest": 3] INFO io.temporal.internal.worker.Poller -- poll loop is terminated: ActivityPollTask
10:28:39.633 [Activity Poller taskQueue="WorkflowTest-Payment fails first: no inventory or shipping is touched, no compensation needed-[engine:junit-jupiter]/[class:com.example.saga.orchestration.workflow.OrderSagaWorkflowTest]/[method:paymentFailureRunsNoCompensation(io.temporal.testing.TestWorkflowEnvironment, io.temporal.worker.Worker, com.example.saga.orchestration.workflow.OrderSagaWorkflow)]", namespace="UnitTest": 2] INFO io.temporal.internal.worker.Poller -- poll loop is terminated: ActivityPollTask
10:28:39.633 [Activity Poller taskQueue="WorkflowTest-Payment fails first: no inventory or shipping is touched, no compensation needed-[engine:junit-jupiter]/[class:com.example.saga.orchestration.workflow.OrderSagaWorkflowTest]/[method:paymentFailureRunsNoCompensation(io.temporal.testing.TestWorkflowEnvironment, io.temporal.worker.Worker, com.example.saga.orchestration.workflow.OrderSagaWorkflow)]", namespace="UnitTest": 5] INFO io.temporal.internal.worker.Poller -- poll loop is terminated: ActivityPollTask
10:28:39.633 [Activity Poller taskQueue="WorkflowTest-Payment fails first: no inventory or shipping is touched, no compensation needed-[engine:junit-jupiter]/[class:com.example.saga.orchestration.workflow.OrderSagaWorkflowTest]/[method:paymentFailureRunsNoCompensation(io.temporal.testing.TestWorkflowEnvironment, io.temporal.worker.Worker, com.example.saga.orchestration.workflow.OrderSagaWorkflow)]", namespace="UnitTest": 1] INFO io.temporal.internal.worker.Poller -- poll loop is terminated: ActivityPollTask
10:28:39.899 [main] INFO io.temporal.worker.WorkerFactory -- awaitTermination done: WorkerFactory{identity=3552@VCCI-TECH-D186}
10:28:39.899 [main] INFO io.temporal.serviceclient.WorkflowServiceStubsImpl -- shutdownNow
10:28:39.899 [main] INFO io.temporal.testserver.TestServer -- Shutting down in-process gRPC server
10:28:39.900 [main] INFO io.temporal.testserver.TestServer -- Shutting down gRPC Services
]]></system-out>
  </testcase>
</testsuite>