<?xml version="1.0" encoding="UTF-8"?>
<testsuite xmlns:xsi="http://www.w3.org/2001/XMLSchema-instance" xsi:noNamespaceSchemaLocation="https://maven.apache.org/surefire/maven-surefire-plugin/xsd/surefire-test-report.xsd" version="3.0.2" name="com.example.billing.dunning.DunningFlowTest" time="6.214" tests="5" errors="0" skipped="0" failures="0">
  <properties>
[...]
</properties>
  <testcase name="allRetriesExhaustedSchedulesSuspensionAfterGracePeriod" classname="com.example.billing.dunning.DunningFlowTest" time="0.563">
    <system-out><![CDATA[12:08:11.640 [main] INFO org.springframework.test.context.support.AnnotationConfigContextLoaderUtils -- Could not detect default configuration classes for test class [com.example.billing.dunning.DunningFlowTest]: DunningFlowTest does not declare any static, non-private, non-final, nested classes annotated with @Configuration.
12:08:11.806 [main] INFO org.springframework.boot.test.context.SpringBootTestContextBootstrapper -- Found @SpringBootConfiguration com.example.billing.dunning.DunningApplication for test class com.example.billing.dunning.DunningFlowTest

  .   ____          _            __ _ _
 /\\ / ___'_ __ _ _(_)_ __  __ _ \ \ \ \
( ( )\___ | '_ | '_| | '_ \/ _` | \ \ \ \
 \\/  ___)| |_)| | | | | || (_| |  ) ) ) )
  '  |____| .__|_| |_|_| |_\__, | / / / /
 =========|_|==============|___/=/_/_/_/

 :: Spring Boot ::                (v3.4.3)

2026-06-18T12:08:12.283+07:00  INFO 50608 --- [dunning-poc] [           main] c.e.billing.dunning.DunningFlowTest      : Starting DunningFlowTest using Java 21.0.4 with PID 50608 (started by tu.phianh in D:\Claude\subscription-billing-pocs\dunning-poc)
2026-06-18T12:08:12.284+07:00  INFO 50608 --- [dunning-poc] [           main] c.e.billing.dunning.DunningFlowTest      : No active profile set, falling back to 1 default profile: "default"
2026-06-18T12:08:13.082+07:00  INFO 50608 --- [dunning-poc] [           main] .s.d.r.c.RepositoryConfigurationDelegate : Bootstrapping Spring Data JPA repositories in DEFAULT mode.
2026-06-18T12:08:13.152+07:00  INFO 50608 --- [dunning-poc] [           main] .s.d.r.c.RepositoryConfigurationDelegate : Finished Spring Data repository scanning in 62 ms. Found 4 JPA repository interfaces.
2026-06-18T12:08:13.732+07:00  INFO 50608 --- [dunning-poc] [           main] o.hibernate.jpa.internal.util.LogHelper  : HHH000204: Processing PersistenceUnitInfo [name: default]
2026-06-18T12:08:13.780+07:00  INFO 50608 --- [dunning-poc] [           main] org.hibernate.Version                    : HHH000412: Hibernate ORM core version 6.6.8.Final
2026-06-18T12:08:13.812+07:00  INFO 50608 --- [dunning-poc] [           main] o.h.c.internal.RegionFactoryInitiator    : HHH000026: Second-level cache disabled
2026-06-18T12:08:14.132+07:00  INFO 50608 --- [dunning-poc] [           main] o.s.o.j.p.SpringPersistenceUnitInfo      : No LoadTimeWeaver setup: ignoring JPA class transformer
2026-06-18T12:08:14.162+07:00  INFO 50608 --- [dunning-poc] [           main] com.zaxxer.hikari.HikariDataSource       : HikariPool-1 - Starting...
2026-06-18T12:08:14.360+07:00  INFO 50608 --- [dunning-poc] [           main] com.zaxxer.hikari.pool.HikariPool        : HikariPool-1 - Added connection conn0: url=jdbc:h2:mem:dunning user=SA
2026-06-18T12:08:14.362+07:00  INFO 50608 --- [dunning-poc] [           main] com.zaxxer.hikari.HikariDataSource       : HikariPool-1 - Start completed.
2026-06-18T12:08:14.418+07:00  INFO 50608 --- [dunning-poc] [           main] org.hibernate.orm.connections.pooling    : HHH10001005: Database info:
	Database JDBC URL [Connecting through datasource 'HikariDataSource (HikariPool-1)']
	Database driver: undefined/unknown
	Database version: 2.3.232
	Autocommit mode: undefined/unknown
	Isolation level: undefined/unknown
	Minimum pool size: undefined/unknown
	Maximum pool size: undefined/unknown
2026-06-18T12:08:15.185+07:00  INFO 50608 --- [dunning-poc] [           main] o.h.e.t.j.p.i.JtaPlatformInitiator       : HHH000489: No JTA platform available (set 'hibernate.transaction.jta.platform' to enable JTA platform integration)
2026-06-18T12:08:15.217+07:00  INFO 50608 --- [dunning-poc] [           main] j.LocalContainerEntityManagerFactoryBean : Initialized JPA EntityManagerFactory for persistence unit 'default'
2026-06-18T12:08:15.510+07:00  INFO 50608 --- [dunning-poc] [           main] o.s.d.j.r.query.QueryEnhancerFactory     : Hibernate is in classpath; If applicable, HQL parser will be used.
2026-06-18T12:08:16.364+07:00  WARN 50608 --- [dunning-poc] [           main] JpaBaseConfiguration$JpaWebConfiguration : spring.jpa.open-in-view is enabled by default. Therefore, database queries may be performed during view rendering. Explicitly configure spring.jpa.open-in-view to disable this warning
2026-06-18T12:08:16.389+07:00  INFO 50608 --- [dunning-poc] [           main] o.s.b.a.w.s.WelcomePageHandlerMapping    : Adding welcome page: class path resource [static/index.html]
2026-06-18T12:08:16.702+07:00  INFO 50608 --- [dunning-poc] [           main] o.s.b.a.h2.H2ConsoleAutoConfiguration    : H2 console available at '/h2'. Database available at 'jdbc:h2:mem:dunning'
2026-06-18T12:08:16.767+07:00  INFO 50608 --- [dunning-poc] [           main] c.e.billing.dunning.DunningFlowTest      : Started DunningFlowTest in 4.83 seconds (process running for 5.938)
2026-06-18T12:08:17.403+07:00  INFO 50608 --- [dunning-poc] [           main] c.e.billing.dunning.NotificationGateway  : Notification sent: subscription=3 template=retry_scheduled to=bad-2@example.com
2026-06-18T12:08:17.403+07:00  INFO 50608 --- [dunning-poc] [           main] c.e.billing.dunning.DunningService       : Charge failed for sub=3 attempt=1 reason=card_declined
2026-06-18T12:08:17.426+07:00  INFO 50608 --- [dunning-poc] [           main] c.e.billing.dunning.NotificationGateway  : Notification sent: subscription=3 template=retry_scheduled to=bad-2@example.com
2026-06-18T12:08:17.427+07:00  INFO 50608 --- [dunning-poc] [           main] c.e.billing.dunning.DunningService       : Charge failed for sub=3 attempt=2 reason=card_declined
2026-06-18T12:08:17.437+07:00  INFO 50608 --- [dunning-poc] [           main] c.e.billing.dunning.NotificationGateway  : Notification sent: subscription=3 template=final_warning to=bad-2@example.com
2026-06-18T12:08:17.439+07:00  INFO 50608 --- [dunning-poc] [           main] c.e.billing.dunning.DunningService       : Charge failed for sub=3 attempt=3 reason=card_declined
2026-06-18T12:08:17.444+07:00  INFO 50608 --- [dunning-poc] [           main] c.e.billing.dunning.NotificationGateway  : Notification sent: subscription=3 template=grace_period to=bad-2@example.com
2026-06-18T12:08:17.444+07:00  INFO 50608 --- [dunning-poc] [           main] c.e.billing.dunning.DunningService       : Charge failed for sub=3 attempt=4 reason=card_declined
2026-06-18T12:08:17.454+07:00  INFO 50608 --- [dunning-poc] [           main] c.e.billing.dunning.NotificationGateway  : Notification sent: subscription=3 template=service_suspended to=bad-2@example.com
]]></system-out>
    <system-err><![CDATA[Mockito is currently self-attaching to enable the inline-mock-maker. This will no longer work in future releases of the JDK. Please add Mockito as an agent to your build what is described in Mockito's documentation: https://javadoc.io/doc/org.mockito/mockito-core/latest/org/mockito/Mockito.html#0.3
WARNING: A Java agent has been loaded dynamically (C:\Users\tu.phianh\.m2\repository\net\bytebuddy\byte-buddy-agent\1.15.11\byte-buddy-agent-1.15.11.jar)
WARNING: If a serviceability tool is in use, please run with -XX:+EnableDynamicAgentLoading to hide this warning
WARNING: If a serviceability tool is not in use, please run with -Djdk.instrument.traceUsage for more information
WARNING: Dynamic loading of agents will be disallowed by default in a future release
]]></system-err>
  </testcase>
  <testcase name="updatingPaymentMethodSettlesPastDueAndReactivates" classname="com.example.billing.dunning.DunningFlowTest" time="0.059">
    <system-out><![CDATA[2026-06-18T12:08:17.554+07:00  INFO 50608 --- [dunning-poc] [           main] c.e.billing.dunning.NotificationGateway  : Notification sent: subscription=4 template=retry_scheduled to=bad-3@example.com
2026-06-18T12:08:17.554+07:00  INFO 50608 --- [dunning-poc] [           main] c.e.billing.dunning.DunningService       : Charge failed for sub=4 attempt=1 reason=card_declined
2026-06-18T12:08:17.573+07:00  INFO 50608 --- [dunning-poc] [           main] c.e.billing.dunning.DunningService       : Charge succeeded for sub=4 attempt=3 ref=ch_646578489463600
]]></system-out>
  </testcase>
  <testcase name="failedRenewalEntersPastDueAndSchedulesRetry" classname="com.example.billing.dunning.DunningFlowTest" time="0.026">
    <system-out><![CDATA[2026-06-18T12:08:17.601+07:00  INFO 50608 --- [dunning-poc] [           main] c.e.billing.dunning.NotificationGateway  : Notification sent: subscription=5 template=retry_scheduled to=bad-1@example.com
2026-06-18T12:08:17.602+07:00  INFO 50608 --- [dunning-poc] [           main] c.e.billing.dunning.DunningService       : Charge failed for sub=5 attempt=1 reason=card_declined
]]></system-out>
  </testcase>
  <testcase name="healthyChargeAdvancesRenewal" classname="com.example.billing.dunning.DunningFlowTest" time="0.03">
    <system-out><![CDATA[2026-06-18T12:08:17.632+07:00  INFO 50608 --- [dunning-poc] [           main] c.e.billing.dunning.DunningService       : Charge succeeded for sub=6 attempt=1 ref=ch_646578553569400
]]></system-out>
  </testcase>
  <testcase name="tickIsIdempotentOnSameDay" classname="com.example.billing.dunning.DunningFlowTest" time="0.043">
    <system-out><![CDATA[2026-06-18T12:08:17.669+07:00  INFO 50608 --- [dunning-poc] [           main] c.e.billing.dunning.NotificationGateway  : Notification sent: subscription=7 template=retry_scheduled to=idempotent@example.com
2026-06-18T12:08:17.670+07:00  INFO 50608 --- [dunning-poc] [           main] c.e.billing.dunning.DunningService       : Charge failed for sub=7 attempt=1 reason=card_declined
2026-06-18T12:08:17.674+07:00  INFO 50608 --- [dunning-poc] [           main] c.e.billing.dunning.NotificationGateway  : Notification sent: subscription=7 template=retry_scheduled to=idempotent@example.com
2026-06-18T12:08:17.674+07:00  INFO 50608 --- [dunning-poc] [           main] c.e.billing.dunning.DunningService       : Charge failed for sub=7 attempt=2 reason=card_declined
]]></system-out>
  </testcase>
</testsuite>